C251 COMPILER V5.60.0,  CMD                                                                23/05/23  17:17:45  PAGE 1   


C251 COMPILER V5.60.0, COMPILATION OF MODULE CMD
OBJECT MODULE PLACED IN .\obj\CMD.obj
COMPILER INVOKED BY: D:\KeilMDK\C251\BIN\C251.EXE Hardware\Cmd\CMD.c XSMALL INTR2 OPTIMIZE(0,SPEED) BROWSE INCDIR(.\User
                    -;.\Hardware\CalcDoseRate;.\Hardware\Cmd;.\Hardware\Flash;.\Hardware\IIC;.\Hardware\Mcp4725;.\Hardware\Sensor;.\Hardware\
                    -System;.\Hardware\Uart;.\User;.\Hardware\BatVoltage;.\Hardware\DoseRate;.\Hardware\CalcCps;.\Hardware\CRC;.\Hardware\Que
                    -ue) PRINT(.\obj\CMD.lst) OBJECT(.\obj\CMD.obj) 

stmt  level    source

    1          #include <stdlib.h>
    2          #include "CMD.h"
    3          #include "sensor.h"
    4          #include "mcp4725.h"
    5          #include "flash.h"
    6          #include "uart.h"
    7          #include "mwpro.h"
    8          #include "CalcCPS.h"
    9          #include "Mcp4725.h"
   10          #include "crc.h"
   11          
   12          #define FRAM_DELAY delay_ms(100)
   13          
   14          STU_CMD s_Head={0x68};
   15          uint8_t snedbuf[100];
   16          
   17          extern void DeviceGetBatAlarm(STU_BATTERY *bat);
   18          extern void DevSleep(void);
   19          
   20          
   21          //========================================================================
   22          // 函数名称: WORD WordToSmall(WORD dat)
   23          // 函数功能: 将WORD的数据转换为小端模式
   24          // 入口参数: @WORD dat：要转换的数据
   25          // 函数返回: 返回类型为WORD的小端模式数据
   26          // 当前版本: VER1.0
   27          // 修改日期: 2023.5.5
   28          // 当前作者:
   29          // 其他备注: 
   30          //========================================================================
   31          
   32          WORD WordToSmall(WORD dat)
   33          {
   34   1              BYTE buf[2];
   35   1          BYTE t;
   36   1          WORD ret;
   37   1          
   38   1          memcpy(buf, &dat, 2);
   39   1              t = buf[1];
   40   1              buf[0] = buf[1];
   41   1              buf[1] = t;
   42   1              
   43   1          memcpy(&ret, buf, 2);
   44   1          return ret;
   45   1      }
   46          
   47          float FloatToSmall(float dat)
   48          {
   49   1              BYTE buf[4];
   50   1          BYTE t;
   51   1          float ret;
   52   1          
   53   1          memcpy(buf, &dat, 4);
   54   1              t = buf[3];
   55   1              buf[3] = buf[0];
   56   1              buf[0] = t;
C251 COMPILER V5.60.0,  CMD                                                                23/05/23  17:17:45  PAGE 2   

   57   1              t = buf[2];
   58   1              buf[2] = buf[1];
   59   1              buf[1] = t;
   60   1      
   61   1          memcpy(&ret, buf, 4);
   62   1          return ret;
   63   1      }
   64          
   65          DWORD DwordToSmall(DWORD dat)
   66          {
   67   1              BYTE buf[4];
   68   1          BYTE t;
   69   1          DWORD ret;
   70   1          
   71   1          memcpy(buf, &dat, 4);
   72   1              t = buf[3];
   73   1              buf[3] = buf[0];
   74   1              buf[0] = t;
   75   1              t = buf[2];
   76   1              buf[2] = buf[1];
   77   1              buf[1] = t;
   78   1      
   79   1          memcpy(&ret, buf, 4);
   80   1          return ret;
   81   1      }
   82          
   83          
   84          //========================================================================
   85          // 函数名称: void GetPara(LP_PARAM *me)
   86          // 函数功能: 从FLASH中读取参数，包括"控制参数"和"报警参数"
   87          // 入口参数: @me：数据
   88          // 函数返回: 无
   89          // 当前版本: VER1.0
   90          // 修改日期: 2023.5.5
   91          // 当前作者:
   92          // 其他备注: 
   93          //========================================================================
   94          void GetPara(LP_PARAM *me)
   95          { 
   96   1              EEPROM_read(0,(u8 *)me,sizeof(LP_PARAM));
   97   1          if ( SysRunState.stParam.ParaCheckSum !=  CheckSum((BYTE *)&SysRunState.stParam,sizeof(LP_PARAM)-2))
   98   1              {
   99   2                      InitParam();
  100   2              }
  101   1          SysRunState.stParam.VerSion1 = VERSION1;
  102   1              SysRunState.stParam.VerSion2 = VERSION2;
  103   1              SysRunState.stParam.VerSion3 = VERSION3;
  104   1      }
  105          
  106          //========================================================================
  107          // 函数名称: void WritePara()
  108          // 函数功能: 写入数据到内存中
  109          // 入口参数: @无
  110          // 函数返回: 无
  111          // 当前版本: VER1.0
  112          // 修改日期: 2023.5.5
  113          // 当前作者:
  114          // 其他备注: 
  115          //========================================================================
  116          void WritePara()
  117          {
  118   1              EA = 0;
  119   1          EEPROM_SectorErase(0);
  120   1          EEPROM_SectorErase(512);
  121   1              SysRunState.stParam.ParaCheckSum = CheckSum((BYTE *)&SysRunState.stParam,sizeof(LP_PARAM)-2);//add by ke
             -vin at 20150417
C251 COMPILER V5.60.0,  CMD                                                                23/05/23  17:17:45  PAGE 3   

  122   1              if (!EEPROM_write(0, (u8 *)&SysRunState.stParam, sizeof(LP_PARAM)))
  123   1          {
  124   2              Error();
  125   2          }   
  126   1              EA = 1;
  127   1      }
  128          
  129          
  130          //向上位机发送命令
  131          void SendData(uint8_t cmd, uint8_t *cdata, uint16_t length)
  132          {
  133   1              uint16_t crc;
  134   1      
  135   1              s_Head.cmd = cmd;
  136   1              s_Head.length = length;
  137   1              memcpy(snedbuf,(uint8_t*)&s_Head,sizeof(STU_CMD));
  138   1              if(length>0)
  139   1              {
  140   2                      memcpy(&snedbuf[sizeof(STU_CMD)],cdata,length);
  141   2              }
  142   1              crc = CRC16(snedbuf,length+sizeof(STU_CMD));
  143   1              memcpy(&snedbuf[length+sizeof(STU_CMD)],(uint8_t*)&crc,2);
  144   1              snedbuf[length+sizeof(STU_CMD)+2] = 0x16;
  145   1              
  146   1              uart485_send(snedbuf,(u8)(length+7));
  147   1      }
  148          
  149          /*******************************************************************************
  150          功能：获取上位机指定的模式
  151          输入：无
  152          输出：工作模式
  153          *******************************************************************************/
  154          int GetWorkMode(void)
  155          {
  156   1        return 3;
  157   1      }
  158          
  159          
  160          
  161          /*******************************************************************************
  162          功能：命令分析与执行
  163          输入：U32 id:指令ID号
  164                unsigned char dlc: 数据长度
  165                unsigned char *cdata:数据指针
  166          输出：无
  167          *******************************************************************************/
  168          STU_CMD gs_CMD={0};
  169          void DataPro(uint8_t *cdata, uint16_t length)
  170          {  
  171   1              uint16_t i;
  172   1          uint16_t crcRev;
  173   1          uint16_t crcOut;
  174   1              //STU_CMD *pCmd = NULL;
  175   1              
  176   1              for(i=0;i<length; i++)
  177   1              {
  178   2                      if(cdata[i] == 0x68)
  179   2                      {
  180   3                              //pCmd = (STU_CMD *)&cdata[i];
  181   3                              memcpy(&gs_CMD,&cdata[i],sizeof(STU_CMD));
  182   3                              if((gs_CMD.length > length-7)||(cdata[i+6+gs_CMD.length] != 0x16))
  183   3                              {
  184   4                                        continue;
  185   4                              }
  186   3                              crcRev = cdata[i+4+gs_CMD.length] + cdata[i+5+gs_CMD.length]*256;
  187   3                              crcOut = CRC16(&cdata[i],gs_CMD.length+4);
C251 COMPILER V5.60.0,  CMD                                                                23/05/23  17:17:45  PAGE 4   

  188   3                              if(crcRev != crcOut)
  189   3                              {
  190   4                                        continue;
  191   4                              }
  192   3                              
  193   3                              SysRunState.NoUartTime = 0;
  194   3      
  195   3                              switch(gs_CMD.cmd)
  196   3                              {
  197   4                                      case 'C'://联络命令
  198   4                                              ACK_CMD_C((uint8_t*)&SysRunState.stParam.SensorType);
  199   4                                      break;
  200   4      
  201   4                                      case 'V'://读计数
  202   4                                              ACK_CMD_V();
  203   4                                      break;
  204   4                                      
  205   4                                      case 'E'://读工作状态
  206   4                                              ACK_CMD_E();
  207   4                                      break;
  208   4      
  209   4                                      case 'R'://读参数
  210   4                                              ACK_CMD_R();
  211   4                                      break;
  212   4      
  213   4                                      case 'W'://写参数
  214   4                                       if(length-i-5 > sizeof(SYS_PRAM))
  215   4                                       {
  216   5                                              ACK_CMD_W(&cdata[i+4]);
  217   5                                       }
  218   4                                      break;
  219   4      
  220   4                                      case 'S'://存参数
  221   4                                              ACK_CMD_S();
  222   4                                      break;
  223   4      
  224   4                                      case 1://清除累计剂量
  225   4                                              ACK_CMD_ClearDoseSum();
  226   4                                      break;
  227   4                                      
  228   4                                      case 2://清除最大剂量率
  229   4                                              ACK_CMD_ClearMaxDoseRate();
  230   4                                      break;
  231   4                                      
  232   4                                      case 3://探测器自检
  233   4                                              ACK_CMD_SelfCheck();
  234   4                                      break;
  235   4                                      
  236   4                                      case 4://开关探测器
  237   4                                              ACK_CMD_SensorONOFF(cdata[i+4]);
  238   4                                      break;
  239   4                                      
  240   4                                      case 5://电池电量查询
  241   4                                              ACK_CMD_Bat();
  242   4                                      break;
  243   4      
  244   4                                      case 6://报警确认
  245   4                                              ACK_CMD_SureAlarm();
  246   4                                      break;
  247   4      
  248   4                      case 7: // 量程切换
  249   4                          ACK_CMD_GmSw(cdata[i+4]);
  250   4                      break;
  251   4      
  252   4                                      case 'B'://写报警参数
  253   4                                              ACK_CMD_B(&cdata[i+4]);
C251 COMPILER V5.60.0,  CMD                                                                23/05/23  17:17:45  PAGE 5   

  254   4                                      break;
  255   4      
  256   4                                      case 'F'://读报警参数
  257   4                                              ACK_CMD_F();
  258   4                                      break;
  259   4                                      
  260   4                                      case 0x28://远程升级
  261   4                                              //asm(" mov &0xFFBE, PC;"); //跳转到升级代码
  262   4                                        break;
  263   4                              default:
  264   4                                break;
  265   4                              }
  266   3                              i += (gs_CMD.length+4);
  267   3                      }
  268   2              }
  269   1      }
  270          
  271          /*******************************************************************************
  272          功能：联络命令响应
  273          输入：unsigned char SensorType:传感器类型
  274          输出：无
  275          *******************************************************************************/
  276          void ACK_CMD_C(u8 *SensorType)
  277          {
  278   1              SendData('C',SensorType,6);
  279   1              SENSOR_POWER_ON();
  280   1              LOWCHANNEL_POWER_ON();
  281   1      }
  282          
  283          
  284          
  285          /*******************************************************************************
  286          功能：读命令(R)响应
  287          输入：无
  288          输出：无
  289          *******************************************************************************/
  290          void ACK_CMD_R(void)
  291          {
  292   1          SYS_PRAM red;
  293   1          red.Hv = FloatToSmall(SysRunState.stParam.s_SysParam.Hv);
  294   1          red.Cr = FloatToSmall(SysRunState.stParam.s_SysParam.Cr);
  295   1          red.Ct = FloatToSmall(SysRunState.stParam.s_SysParam.Ct);
  296   1          red.Hd = FloatToSmall(SysRunState.stParam.s_SysParam.Hd);
  297   1          red.Hn = WordToSmall (SysRunState.stParam.s_SysParam.Hn);
  298   1          
  299   1          red.PingHuaShiJian = FloatToSmall(SysRunState.stParam.s_SysParam.PingHuaShiJian);
  300   1          
  301   1          red.S1 = FloatToSmall(SysRunState.stParam.s_SysParam.S1);
  302   1          red.S2 = FloatToSmall(SysRunState.stParam.s_SysParam.S2);
  303   1          red.S3 = FloatToSmall(SysRunState.stParam.s_SysParam.S3);
  304   1          
  305   1          red.Z1 = FloatToSmall(SysRunState.stParam.s_SysParam.Z1);
  306   1          red.Z2 = FloatToSmall(SysRunState.stParam.s_SysParam.Z2);
  307   1          red.Z3 = FloatToSmall(SysRunState.stParam.s_SysParam.Z3);
  308   1          red.Z4 = FloatToSmall(SysRunState.stParam.s_SysParam.Z4);
  309   1          
  310   1          red.DiYaCanshuA = FloatToSmall(SysRunState.stParam.s_SysParam.DiYaCanshuA);
  311   1          red.DiYaCanshuB = FloatToSmall(SysRunState.stParam.s_SysParam.DiYaCanshuB);
  312   1          red.DiYaCanshuC = FloatToSmall(SysRunState.stParam.s_SysParam.DiYaCanshuC);
  313   1          
  314   1          red.GaoYaCanshuA = FloatToSmall(SysRunState.stParam.s_SysParam.GaoYaCanshuA);
  315   1          red.GaoYaCanshuB = FloatToSmall(SysRunState.stParam.s_SysParam.GaoYaCanshuB);
  316   1          red.GaoYaCanshuC = FloatToSmall(SysRunState.stParam.s_SysParam.GaoYaCanshuC);
  317   1      
  318   1          //red.BCanshuA = FloatToSmall(SysRunState.stParam.s_SysParam.BCanshuA);
  319   1          //red.BCanshuB = FloatToSmall(SysRunState.stParam.s_SysParam.BCanshuB);
C251 COMPILER V5.60.0,  CMD                                                                23/05/23  17:17:45  PAGE 6   

  320   1          //red.BCanshuC = FloatToSmall(SysRunState.stParam.s_SysParam.BCanshuC);
  321   1         
  322   1          SendData('R',(uint8_t*)&red,sizeof(SYS_PRAM));
  323   1      }
  324          
  325          
  326          /*******************************************************************************
  327          功能：写参数命令(W)响应
  328          输入：unsigned char *cdata:参数
  329          输出：无
  330          *******************************************************************************/
  331          void ACK_CMD_W(unsigned char *cdata)
  332          {
  333   1          SYS_PRAM wcm;
  334   1          memcpy(&wcm,cdata,sizeof(SYS_PRAM));
  335   1              
  336   1          SysRunState.stParam.s_SysParam.Hv = FloatToSmall(wcm.Hv);
  337   1          SysRunState.stParam.s_SysParam.Cr = FloatToSmall(wcm.Cr);
  338   1          SysRunState.stParam.s_SysParam.Ct = FloatToSmall(wcm.Ct);
  339   1          SysRunState.stParam.s_SysParam.Hd = FloatToSmall(wcm.Hd);
  340   1          SysRunState.stParam.s_SysParam.Hn = wcm.Hn;
  341   1          
  342   1          SysRunState.stParam.s_SysParam.S1 = FloatToSmall(wcm.S1);
  343   1          SysRunState.stParam.s_SysParam.S2 = FloatToSmall(wcm.S2);
  344   1          SysRunState.stParam.s_SysParam.S3 = FloatToSmall(wcm.S3);
  345   1          
  346   1          SysRunState.stParam.s_SysParam.Z1 = FloatToSmall(wcm.Z1);
  347   1          SysRunState.stParam.s_SysParam.Z2 = FloatToSmall(wcm.Z2);
  348   1          SysRunState.stParam.s_SysParam.Z3 = FloatToSmall(wcm.Z3);
  349   1          SysRunState.stParam.s_SysParam.Z4 = FloatToSmall(wcm.Z4);
  350   1          
  351   1          SysRunState.stParam.s_SysParam.PingHuaShiJian = FloatToSmall(wcm.PingHuaShiJian);
  352   1      
  353   1          SysRunState.stParam.s_SysParam.DiYaCanshuA = FloatToSmall(wcm.DiYaCanshuA);
  354   1          SysRunState.stParam.s_SysParam.DiYaCanshuB = FloatToSmall(wcm.DiYaCanshuB);
  355   1          SysRunState.stParam.s_SysParam.DiYaCanshuC = FloatToSmall(wcm.DiYaCanshuC);
  356   1      
  357   1          SysRunState.stParam.s_SysParam.GaoYaCanshuA = FloatToSmall(wcm.GaoYaCanshuA);
  358   1          SysRunState.stParam.s_SysParam.GaoYaCanshuB = FloatToSmall(wcm.GaoYaCanshuB);
  359   1          SysRunState.stParam.s_SysParam.GaoYaCanshuC = FloatToSmall(wcm.GaoYaCanshuC);
  360   1      
  361   1          //SysRunState.stParam.s_SysParam.BCanshuA = FloatToSmall(wcm.BCanshuA);
  362   1          //SysRunState.stParam.s_SysParam.BCanshuB = FloatToSmall(wcm.BCanshuB);
  363   1          //SysRunState.stParam.s_SysParam.BCanshuC = FloatToSmall(wcm.BCanshuC);
  364   1      
  365   1              SendData('W',NULL,0);
  366   1              SaveParam();
  367   1      }
  368          
  369          
  370          
  371          /*******************************************************************************
  372          功能：存参数命令(S)响应
  373          输入：unsigned char SensorType:传感器类型
  374          输出：无
  375          *******************************************************************************/
  376          void ACK_CMD_S(void)
  377          {
  378   1              SendData('S',NULL,0);
  379   1              SaveParam();
  380   1              MCP4725_OutVol(MCP4725_S1_ADDR,2500-(WORD)SysRunState.stParam.s_SysParam.Z1);//alphy 阈值
  381   1              //MCP4725_OutVol(IIC_ADDR_HIGH,(unsigned int)SysRunState.stParam.s_SysParam.Z2);//beta阈值
  382   1      }
  383          
  384          
  385          
C251 COMPILER V5.60.0,  CMD                                                                23/05/23  17:17:45  PAGE 7   

  386          /*******************************************************************************
  387          功能：读计数命令(V)响应
  388          输入：unsigned char SensorType:传感器类型
  389          输出：无
  390          *******************************************************************************/
  391          
  392          void ACK_CMD_V(void)
  393          { 
  394   1          STU_DOSERATE gs_Dose;
  395   1          gs_Dose.C1 = FloatToSmall(SysRunState.s_DoseMSG.C1);
  396   1          gs_Dose.C2 = FloatToSmall(SysRunState.s_DoseMSG.C2);
  397   1          gs_Dose.C3 = FloatToSmall(SysRunState.s_DoseMSG.C3);
  398   1          
  399   1          gs_Dose.Dose = FloatToSmall(SysRunState.s_DoseMSG.Dose);
  400   1          gs_Dose.Dose_B = FloatToSmall(SysRunState.s_DoseMSG.Dose_B);
  401   1          gs_Dose.DoseRate = FloatToSmall(SysRunState.s_DoseMSG.DoseRate);
  402   1          gs_Dose.DRSt = SysRunState.s_DoseMSG.DRSt;
  403   1          gs_Dose.MaxDoseRate = FloatToSmall(SysRunState.s_DoseMSG.MaxDoseRate);
  404   1          gs_Dose.MaxDoseRate_B = FloatToSmall(SysRunState.s_DoseMSG.MaxDoseRate_B);
  405   1          
  406   1          gs_Dose.P1 = FloatToSmall(SysRunState.s_DoseMSG.P1);
  407   1          gs_Dose.P2 = FloatToSmall(SysRunState.s_DoseMSG.P2);
  408   1          gs_Dose.P3 = FloatToSmall(SysRunState.s_DoseMSG.P3);
  409   1          
  410   1              SendData('V',(uint8_t*)&gs_Dose,sizeof(STU_DOSERATE));
  411   1      }
  412          
  413          
  414          /*******************************************************************************
  415          功能：写报警参数命令(WF)响应
  416          输入：unsigned char *cdata
  417          输出：无
  418          *******************************************************************************/
  419          void ACK_CMD_B(u8 *cdata)
  420          {
  421   1          SYS_ALARM wal;   
  422   1          memcpy(&wal,cdata,sizeof(SYS_ALARM));
  423   1          SysRunState.stParam.s_Alarm.DoseAlarm = FloatToSmall(wal.DoseAlarm);
  424   1          SysRunState.stParam.s_Alarm.DosePreAlarm = FloatToSmall(wal.DosePreAlarm);
  425   1          SysRunState.stParam.s_Alarm.DoseRateAlarm = FloatToSmall(wal.DoseRateAlarm);
  426   1          SysRunState.stParam.s_Alarm.DoseRatePreAlarm = FloatToSmall(wal.DoseRatePreAlarm);
  427   1          
  428   1              SendData('B',NULL,0);
  429   1              SaveParam();
  430   1      } 
  431          
  432          
  433          /*******************************************************************************
  434          功能：读报警参数命令(F)响应
  435          输入：无
  436          输出：无
  437          *******************************************************************************/
  438          void ACK_CMD_F(void)
  439          {
  440   1          SYS_ALARM ral;
  441   1          ral.DoseAlarm = FloatToSmall(SysRunState.stParam.s_Alarm.DoseAlarm);
  442   1          ral.DosePreAlarm = FloatToSmall(SysRunState.stParam.s_Alarm.DosePreAlarm);
  443   1          ral.DoseRateAlarm = FloatToSmall(SysRunState.stParam.s_Alarm.DoseRateAlarm);
  444   1          ral.DoseRatePreAlarm = FloatToSmall(SysRunState.stParam.s_Alarm.DoseRatePreAlarm);
  445   1      
  446   1              SendData('F',(uint8_t*)&ral,sizeof(SYS_ALARM));
  447   1      } 
  448          
  449          /*******************************************************************************
  450          功能：工作状态
  451          输入：
C251 COMPILER V5.60.0,  CMD                                                                23/05/23  17:17:45  PAGE 8   

  452          输出：
  453          *******************************************************************************/
  454          void ACK_CMD_E(void)
  455          {
  456   1              uint16_t state = 3;
  457   1              
  458   1              SendData('E',(uint8_t*)&state,2);
  459   1      }
  460          
  461          /*******************************************************************************
  462          功能：清除累计剂量(1)响应
  463          输入：
  464          输出：
  465          *******************************************************************************/
  466          void ACK_CMD_ClearDoseSum(void)
  467          {
  468   1              SysRunState.s_DoseMSG.Dose = 0;
  469   1          SysRunState.s_DoseMSG.Dose_B = 0;
  470   1              SendData(1,NULL,0);
  471   1      }
  472          
  473          
  474          
  475          /*******************************************************************************
  476          功能：清除最大剂量率(2)响应
  477          输入：
  478          输出：
  479          *******************************************************************************/
  480          void ACK_CMD_ClearMaxDoseRate(void)
  481          {
  482   1              SysRunState.s_DoseMSG.MaxDoseRate = 0;
  483   1          SysRunState.s_DoseMSG.MaxDoseRate_B = 0;
  484   1              SendData(2,NULL,0);
  485   1      }
  486          
  487          /*******************************************************************************
  488          功能：探测器自检(3)响应
  489          输入：
  490          输出：
  491          *******************************************************************************/
  492          void ACK_CMD_SelfCheck(void)
  493          {
  494   1              //自检
  495   1              uint16_t result=1;
  496   1              SENSOR_POWER_ON();
  497   1              LOWCHANNEL_POWER_ON();
  498   1              if(/*(Get_Low_Counter() < LOW_DIBENDI)||*/(Get_Low_Counter() > LOW_GAOBENDI)
  499   1                 /*||(Get_High_Counter() < HIGH_DIBENDI)*/||(Get_High_Counter() > HIGH_GAOBENDI))
  500   1              {
  501   2                      result = 0;
  502   2              }
  503   1              SendData(3,(uint8_t*)&result,2);
  504   1      }
  505          
  506          /*******************************************************************************
  507          功能：开关探测器(4)响应
  508          输入：
  509          输出：
  510          *******************************************************************************/
  511          void ACK_CMD_SensorONOFF(uint16_t state)
  512          {
  513   1              SendData(4,NULL,0);
  514   1              //开关探测器
  515   1              if(state == 1)
  516   1              {
  517   2                      SENSOR_POWER_ON();
C251 COMPILER V5.60.0,  CMD                                                                23/05/23  17:17:45  PAGE 9   

  518   2                      LOWCHANNEL_POWER_ON();
  519   2                      SensorInit();
  520   2              }
  521   1              else
  522   1              {
  523   2                      //DevSleep();
  524   2                      SysRunState.NoUartTime = POWER_OFF_TIME+1;
  525   2              }
  526   1      }
  527          
  528          /*******************************************************************************
  529          功能：电池电量查询(5)响应
  530          输入：
  531          输出：
  532          *******************************************************************************/
  533          STU_BATTERY s_Bat={0};
  534          void ACK_CMD_Bat(void)
  535          {
  536   1          STU_BATTERY bat;
  537   1          
  538   1              DeviceGetBatAlarm(&s_Bat);
  539   1          
  540   1              bat.Voltage = WordToSmall(s_Bat.Voltage);
  541   1          bat.Status = s_Bat.Status;
  542   1          bat.batPercent = s_Bat.batPercent; 
  543   1          
  544   1              SendData(5,(uint8_t*)&bat,sizeof(STU_BATTERY));
  545   1      }
  546          
  547          /*******************************************************************************
  548          功能：报警确认(6)响应
  549          输入：
  550          输出：
  551          *******************************************************************************/
  552          void ACK_CMD_SureAlarm(void)
  553          {
  554   1              //报警确认，关闭相应指示灯
  555   1              
  556   1              SendData(6,NULL,0);
  557   1      }
  558          
  559          
  560          /*******************************************************************************
  561          功能：切换高低量程
  562          输入：
  563          输出：
  564          *******************************************************************************/
  565          void ACK_CMD_GmSw(unsigned char Gm)
  566          {
  567   1              if (Gm == 1)
  568   1          {
  569   2              GDoseSeg = HIG_SEG;
  570   2              }
  571   1          else
  572   1          {
  573   2              GDoseSeg = LOW_SEG;
  574   2          }
  575   1          
  576   1              SendData(7,NULL,0);
  577   1      }
  578          
  579          /*
  580          函数名称:CheckSum
  581          函数描述:校验和函数
  582          输    入:数据、长度
  583          输    出:校验结果
C251 COMPILER V5.60.0,  CMD                                                                23/05/23  17:17:45  PAGE 10  

  584          作    者:张红丽
  585          日    期:2012.9.10
  586          
  587          */
  588          //========================================================================
  589          // 函数名称: WORD CheckSum(BYTE *buf, WORD len)
  590          // 函数功能: 校验和函数
  591          // 入口参数: @*buf：数据；@len：长度
  592          // 函数返回: 校验结果
  593          // 当前版本: VER1.0
  594          // 修改日期: 2023.5.5
  595          // 当前作者:
  596          // 其他备注: 
  597          //========================================================================
  598          WORD CheckSum(BYTE *buf, WORD len)
  599          {
  600   1          WORD dwSum = 0;
  601   1          WORD i;
  602   1      
  603   1          for (i = 0; i < len; i++)
  604   1          {
  605   2              dwSum += buf[i];
  606   2          }
  607   1          return dwSum;
  608   1      }
  609              
  610          void SaveParam()
  611          {
  612   1          EA = 0;//禁止中断
  613   1          WritePara();
  614   1          EA = 1;//允许中断
  615   1      }
  616          


Module Information          Static   Overlayable
------------------------------------------------
  code size            =      2390     ------
  ecode size           =    ------     ------
  data size            =    ------     ------
  idata size           =    ------     ------
  pdata size           =    ------     ------
  xdata size           =    ------     ------
  xdata-const size     =    ------     ------
  edata size           =       538     ------
  bit size             =    ------     ------
  ebit size            =    ------     ------
  bitaddressable size  =    ------     ------
  ebitaddressable size =    ------     ------
  far data size        =    ------     ------
  huge data size       =    ------     ------
  const size           =    ------     ------
  hconst size          =        24     ------
End of Module Information.


C251 COMPILATION COMPLETE.  0 WARNING(S),  0 ERROR(S)
