C251 COMPILER V5.60.0,  DoseRate                                                           23/05/23  17:17:46  PAGE 1   


C251 COMPILER V5.60.0, COMPILATION OF MODULE DoseRate
OBJECT MODULE PLACED IN .\obj\DoseRate.obj
COMPILER INVOKED BY: D:\KeilMDK\C251\BIN\C251.EXE Hardware\DoseRate\DoseRate.c XSMALL INTR2 OPTIMIZE(0,SPEED) BROWSE INC
                    -DIR(.\User;.\Hardware\CalcDoseRate;.\Hardware\Cmd;.\Hardware\Flash;.\Hardware\IIC;.\Hardware\Mcp4725;.\Hardware\Sensor;.
                    -\Hardware\System;.\Hardware\Uart;.\User;.\Hardware\BatVoltage;.\Hardware\DoseRate;.\Hardware\CalcCps;.\Hardware\CRC;.\Ha
                    -rdware\Queue) PRINT(.\obj\DoseRate.lst) OBJECT(.\obj\DoseRate.obj) 

stmt  level    source

    1          #include <main.h>
    2          #include <math.h>
    3          #include "DoseRate.h"
    4          #include "CalcCPS.h"
    5          #include "sensor.h"
    6          
    7          //extern QInnerParam InnerParam;
    8          
    9          
   10          #ifdef  USE_LP_DOSECALC
               
               float OldDr = 0.0;
               float NewDr;
               float RtCps,NewCps;
               
               void CpsFilter(DWORD Cps)
               {
                   RtCps = (float)Cps;
               }
               
               float CounterPH()
               {
                   NewCps = CalcLow(RtCps, OldDr, &NewDr);
                   if (NewDr > 9999)
                   {
                       return NewCps;
                   }
                   
                   OldDr = NewDr;
                   return NewCps; // NewDr;
               }
               
               void ClearCounter()
               {
                   InitCalcLow();
               }
               
               
               #else
   40          
   41          // 取平均值
   42          #define CT 60   
   43          DWORD CpsArr[2][CT];
   44          
   45          static BOOL Full = FALSE;
   46          static BYTE ArrCnt = 0;
   47          static float CpsHis = 0;
   48          
   49          void InitArr()
   50          {
   51   1          BYTE i,j;
   52   1          // 初始状态填15 个  1
   53   1          memset(CpsArr,0,sizeof(CpsArr));
   54   1          for(j = 0;j < 2;j++)
   55   1          {
   56   2              for (i=0;i<CT;i+=4)
C251 COMPILER V5.60.0,  DoseRate                                                           23/05/23  17:17:46  PAGE 2   

   57   2              {
   58   3                  CpsArr[j][i] = 1;
   59   3              }
   60   2          }
   61   1          Full = TRUE;
   62   1          ArrCnt = CT;
   63   1          CpsHis = 15.0/CT;
   64   1      }
   65          
   66          // 将计数压入堆栈
   67          void PushCps(DWORD cps)
   68          {
   69   1          BYTE i;
   70   1          if(GDoseSeg == LOW_SEG)
   71   1          {
   72   2              if (ArrCnt >= CT)
   73   2              {
   74   3                  Full = TRUE;
   75   3                  for (i=1;i<CT;i++)
   76   3                  {
   77   4                      CpsArr[0][i-1] = CpsArr[0][i];
   78   4                  }
   79   3                  CpsArr[0][CT-1] = cps;
   80   3              }
   81   2              else
   82   2              {
   83   3                  CpsArr[0][ArrCnt++] = cps;
   84   3              }
   85   2          }
   86   1      
   87   1          if(GDoseSeg == HIG_SEG)
   88   1          {
   89   2              if (ArrCnt >= CT)
   90   2              {
   91   3                  Full = TRUE;
   92   3                  for (i=1;i<CT;i++)
   93   3                  {
   94   4                      CpsArr[1][i-1] = CpsArr[1][i];
   95   4                  }
   96   3                  CpsArr[1][CT-1] = cps;
   97   3              }
   98   2              else
   99   2              {
  100   3                  CpsArr[1][ArrCnt++] = cps;
  101   3              }
  102   2          }
  103   1      }
  104          
  105          void ClearCounter()
  106          {
  107   1          memset(CpsArr,0,sizeof(CpsArr));
  108   1          Full = FALSE;
  109   1          ArrCnt = 0;
  110   1          CpsHis = 0;
  111   1      }
  112          
  113          
  114          // 计数平滑
  115          float CounterPH()
  116          {
  117   1          float Val = 0.0;
  118   1          BYTE i;
  119   1          
  120   1          if(GDoseSeg == LOW_SEG)
  121   1          {
  122   2              Val = 0.0;
C251 COMPILER V5.60.0,  DoseRate                                                           23/05/23  17:17:46  PAGE 3   

  123   2              if (Full)
  124   2              {
  125   3                  for (i=0;i<CT;i++)
  126   3                  {
  127   4                      Val += CpsArr[0][i];
  128   4                  }
  129   3                  Val = Val/CT;
  130   3      
  131   3              }
  132   2              else
  133   2              {
  134   3                  if (ArrCnt == 0)
  135   3                  {
  136   4                      CpsHis = 0.2;
  137   4                      return -1;
  138   4                  }
  139   3                  else
  140   3                  {
  141   4                      for (i=0;i<ArrCnt;i++)
  142   4                      {
  143   5                          Val += CpsArr[0][i];
  144   5                      }
  145   4                      Val = Val/ArrCnt;
  146   4                  }
  147   3              }
  148   2      
  149   2              if (Val < 0.2)
  150   2              {
  151   3                  Val = 0.2;
  152   3              }
  153   2          }
  154   1      
  155   1          
  156   1          if(GDoseSeg == HIG_SEG)
  157   1              {
  158   2                  Val = 0.0;
  159   2                  if (Full)
  160   2                  {
  161   3                      for (i=0;i<CT;i++)
  162   3                      {
  163   4                          Val += CpsArr[1][i];
  164   4                      }
  165   3                      Val = Val/CT;
  166   3          
  167   3                  }
  168   2                  else
  169   2                  {
  170   3                      if (ArrCnt == 0)
  171   3                      {
  172   4                          CpsHis = 0.2;
  173   4                          return -1;
  174   4                      }
  175   3                      else
  176   3                      {
  177   4                          for (i=0;i<ArrCnt;i++)
  178   4                          {
  179   5                              Val += CpsArr[1][i];
  180   5                          }
  181   4                          Val = Val/ArrCnt;
  182   4                      }
  183   3                  }
  184   2          
  185   2                  if (Val < 0.2)
  186   2                  {
  187   3                      Val = 0.2;
  188   3                  }
C251 COMPILER V5.60.0,  DoseRate                                                           23/05/23  17:17:46  PAGE 4   

  189   2              }
  190   1          
  191   1          CpsHis = Val;
  192   1          return Val;
  193   1      }
  194          
  195          
  196          float GetHis(BYTE time)
  197          {
  198   1          BYTE i,j;
  199   1          float ret = 0.0;
  200   1          if (Full)
  201   1          {
  202   2              for(j = 0;j<2;j++)
  203   2              {
  204   3                  for (i=CT-time;i<CT;i++)
  205   3                  {
  206   4                      ret += CpsArr[j][i];
  207   4                  }
  208   3              }
  209   2              return (ret/time);
  210   2          }
  211   1          else
  212   1          {
  213   2              if (time > ArrCnt)
  214   2              {
  215   3                  for(j = 0;j<2;j++)
  216   3                  {
  217   4                      for (i=0;i<ArrCnt;i++)
  218   4                      {
  219   5                          ret += CpsArr[j][i];
  220   5                      }
  221   4                  }
  222   3                  return (ret/ArrCnt);
  223   3              }
  224   2              else
  225   2              {
  226   3                  for(j = 0;j<2;j++)
  227   3                  {
  228   4                      for (i=ArrCnt-time;i<ArrCnt;i++)
  229   4                      {
  230   5                          ret += CpsArr[j][i];
  231   5                      }
  232   4                  }
  233   3                  return (ret/time);
  234   3              }
  235   2          }
  236   1          //return 0.0;
  237   1      }
  238          
  239          
  240          // time :  保留最后计数的时间
  241          void ResvCps(BYTE time)
  242          {
  243   1          BYTE i;
  244   1          if(GDoseSeg == LOW_SEG)
  245   1          {
  246   2              if (Full)
  247   2              {
  248   3                  for (i=0;i<CT;i++)
  249   3                  {
  250   4                      if (i<time)
  251   4                      {
  252   5                          CpsArr[0][i] = CpsArr[0][CT-time+i];
  253   5                      }
  254   4                      else
C251 COMPILER V5.60.0,  DoseRate                                                           23/05/23  17:17:46  PAGE 5   

  255   4                      {
  256   5                          CpsArr[0][i] = 0;
  257   5                      }
  258   4                  }
  259   3                  ArrCnt = time;
  260   3                  Full = FALSE;
  261   3              }
  262   2              else
  263   2              {
  264   3                  if (time < ArrCnt)
  265   3                  {
  266   4                      for (i=0;i<ArrCnt;i++)
  267   4                      {
  268   5                          if (i<time)
  269   5                          {
  270   6                              CpsArr[0][i] = CpsArr[0][ArrCnt-time+i];
  271   6                          }
  272   5                          else
  273   5                          {
  274   6                              CpsArr[0][i] = 0;
  275   6                          }
  276   5                      }
  277   4      
  278   4                      ArrCnt = time;
  279   4                  }
  280   3                  else
  281   3                  {
  282   4                      // 全部保留，就不做处理了
  283   4                  }
  284   3              }
  285   2          }
  286   1      
  287   1          if(GDoseSeg == HIG_SEG)
  288   1          {
  289   2              if (Full)
  290   2              {
  291   3                  for (i=0;i<CT;i++)
  292   3                  {
  293   4                      if (i<time)
  294   4                      {
  295   5                          CpsArr[1][i] = CpsArr[1][CT-time+i];
  296   5                      }
  297   4                      else
  298   4                      {
  299   5                          CpsArr[1][i] = 0;
  300   5                      }
  301   4                  }
  302   3                  ArrCnt = time;
  303   3                  Full = FALSE;
  304   3              }
  305   2              else
  306   2              {
  307   3                  if (time < ArrCnt)
  308   3                  {
  309   4                      for (i=0;i<ArrCnt;i++)
  310   4                      {
  311   5                          if (i<time)
  312   5                          {
  313   6                              CpsArr[1][i] = CpsArr[1][ArrCnt-time+i];
  314   6                          }
  315   5                          else
  316   5                          {
  317   6                              CpsArr[1][i] = 0;
  318   6                          }
  319   5                      }
  320   4      
C251 COMPILER V5.60.0,  DoseRate                                                           23/05/23  17:17:46  PAGE 6   

  321   4                      ArrCnt = time;
  322   4                  }
  323   3                  else
  324   3                  {
  325   4                      // 全部保留，就不做处理了
  326   4                  }
  327   3              }
  328   2          }
  329   1      }
  330          
  331          // 计数压入队列
  332          void AddCounter(DWORD Cps)
  333          {
  334   1          #if 0
                   static float His120S = 0.0;
                   //static float His60S  = 0.0;
                   static float His30S  = 0.0;
                   static float His10S  = 0.0;
                   static float His5S   = 0.0;
                   static float His3S   = 0.0;
               
                   float M1,M2,M3;
                   #endif
  344   1          
  345   1          PushCps(Cps);
  346   1      
  347   1          #if 0
                   His120S = GetHis(120);
                   //His60S  = GetHis(60);
                   His30S  = GetHis(30);
                   His10S  = GetHis(10);
                   His5S   = GetHis(5);
                   His3S   = GetHis(3);
               
                   if (InnerParam.DevType == 4)
                   {
                       M1 = 30;   // 1mSv/h
                       M2 = 2.5;  // 90uSv/h
                       M3 = 1.5;  // 30uSv/h
                   }
                   else
                   {
                       M1 = 1000; // 0.8mSv/h
                       M2 = 80;   // 50uSv/h
                       M3 = 1.6;  // 1uSv/h
                   }
               
                   if (His3S > M1)   
                   {
                       if ((His3S > His120S * 1.03) || (His3S < His120S / 1.03))
                       {
                           ResvCps(3);
                       }
                   }
                   else if (His5S > M2)  
                   {
                       if ((His5S > His120S * 1.1) || (His5S < His120S / 1.1))
                       {
                           ResvCps(5);
                       }
                   }
                   else if (His10S > M3)  
                   {
                       if ((His10S > His120S * 1.2) || (His10S < His120S / 1.2))
                       {
                           ResvCps(10);
C251 COMPILER V5.60.0,  DoseRate                                                           23/05/23  17:17:46  PAGE 7   

                       }
                   }
                   else if (His30S > 0.0)  
                   {
                       if ((His30S > His120S * 1.3) || (His30S < His120S / 1.3))
                       {
                           ResvCps(30);
                       }
                   }
               
                   #if 0
                   else if (His60S > 0.0)  // 0.0u
                   {
                       if ((His60S > His120S * 1.1) || (His60S < His120S / 1.1))
                       {
                           ResvCps(60);
                       }
                   }
                   #endif
               
                   #endif
  408   1          
  409   1      }
  410          
  411          
  412          void CpsFilter(DWORD Cps)
  413          {
  414   1          static DWORD BigCpsErr[3] = {0};
  415   1          static BYTE BigErrCnt = 0;
  416   1      
  417   1          static DWORD SmCpsErr[3] = {0};
  418   1          static BYTE SmErrCnt = 0;
  419   1          
  420   1          //if (CpsHis > 1.0)
  421   1          {
  422   2              //if (Cps > (CpsHis * 3))  // 大计数
  423   2              if(Cps>(CpsHis+3*sqrt(CpsHis)))
  424   2              {
  425   3                  SmErrCnt = 0;
  426   3                  BigCpsErr[BigErrCnt++] = Cps;
  427   3                  if (BigErrCnt == 3)
  428   3                  {
  429   4                      // 连续两个大计数则不算抖动
  430   4                      ClearCounter();
  431   4                      AddCounter(BigCpsErr[0]);
  432   4                      AddCounter(BigCpsErr[1]);
  433   4                      AddCounter(BigCpsErr[2]);
  434   4                      BigErrCnt = 0;
  435   4                  }
  436   3              }
  437   2              //else if (Cps < (CpsHis / 3))  // 小计数
  438   2              else if(Cps<(CpsHis-3*sqrt(CpsHis)))
  439   2              {
  440   3                  BigErrCnt = 0;
  441   3                  SmCpsErr[SmErrCnt++] = Cps;
  442   3                  if (SmErrCnt == 3)
  443   3                  {
  444   4                      // 连续两个小计数则不算抖动
  445   4                      ClearCounter();
  446   4                      AddCounter(SmCpsErr[0]);
  447   4                      AddCounter(SmCpsErr[1]);
  448   4                      AddCounter(SmCpsErr[2]);
  449   4                      SmErrCnt = 0;
  450   4                  }
  451   3              }
  452   2              else
C251 COMPILER V5.60.0,  DoseRate                                                           23/05/23  17:17:46  PAGE 8   

  453   2              {
  454   3                  AddCounter(Cps);
  455   3                  BigErrCnt = 0;
  456   3                  SmErrCnt = 0;
  457   3              }
  458   2          }
  459   1          #if 0
                   else
                   {
                       AddCounter(Cps);
                       BigErrCnt = 0;
                       SmErrCnt = 0;
                   }
                   #endif
  467   1      }
  468          
  469          #endif
  470          


Module Information          Static   Overlayable
------------------------------------------------
  code size            =      2386     ------
  ecode size           =    ------     ------
  data size            =    ------     ------
  idata size           =    ------     ------
  pdata size           =    ------     ------
  xdata size           =    ------     ------
  xdata-const size     =    ------     ------
  edata size           =       541     ------
  bit size             =    ------     ------
  ebit size            =    ------     ------
  bitaddressable size  =    ------     ------
  ebitaddressable size =    ------     ------
  far data size        =    ------     ------
  huge data size       =    ------     ------
  const size           =    ------     ------
  hconst size          =        60     ------
End of Module Information.


C251 COMPILATION COMPLETE.  0 WARNING(S),  0 ERROR(S)
