C251 COMPILER V5.60.0,  system                                                             16/05/23  17:10:55  PAGE 1   


C251 COMPILER V5.60.0, COMPILATION OF MODULE system
OBJECT MODULE PLACED IN .\obj\system.obj
COMPILER INVOKED BY: D:\KeilMDK\C251\BIN\C251.EXE Hardware\System\system.c XSMALL INTR2 OPTIMIZE(0,SPEED) BROWSE INCDIR(
                    -.\User;.\Hardware\CalcDoseRate;.\Hardware\Cmd;.\Hardware\Flash;.\Hardware\IIC;.\Hardware\Mcp4725;.\Hardware\Sensor;.\Har
                    -dware\System;.\Hardware\Uart;.\User;.\Hardware\BatVoltage;.\Hardware\DoseRate;.\Hardware\CalcCps;.\Hardware\CRC;.\Hardwa
                    -re\Queue) PRINT(.\obj\system.lst) OBJECT(.\obj\system.obj) 

stmt  level    source

    1          #include "main.h"
    2          #include "uart.h"
    3          #include "system.h"
    4          
    5          u16  Timer0Cnt = 0;
    6          u32  Pluse3Cnt = 0;
    7          u32  Pluse4Cnt = 0;
    8          
    9          u8   LowOverFlowFlag3 = 0;
   10          u8   LowOverFlowFlag4 = 0;
   11          
   12          u8   Pluse3PortCnt = 0;
   13          u8   Pluse4PortCnt = 0;
   14          
   15          void SysInit()
   16          {
   17   1          HIRCCR = 0x80;           // 启动内部高速IRC
   18   1          while(!(HIRCCR & 1));
   19   1          CLKSEL = 0; 
   20   1      }
   21          
   22          
   23          //========================================================================
   24          // 函数名称: void Timer0_Init(void)     
   25          // 函数功能: 在时钟源为11.0592MHz下TIMER0初始化为10ms定时
   26          // 入口参数: @无
   27          // 函数返回: 无
   28          // 当前版本: VER1.0
   29          // 修改日期: 2023.5.5
   30          // 当前作者:
   31          // 其他备注: 
   32          //========================================================================
   33          void Timer0_Init(void)          //10毫秒@11.0592MHz
   34          {
   35   1              AUXR &= 0x7F;                   //定时器时钟12T模式
   36   1              TMOD &= 0xF0;                   //设置定时器模式
   37   1              TL0 = 0x00;                             //设置定时初始值
   38   1              TH0 = 0xDC;                             //设置定时初始值
   39   1              TF0 = 0;                                //清除TF0标志
   40   1              TR0 = 1;                                //定时器0开始计时
   41   1              ET0 = 1;                                //使能定时器0中断
   42   1          PT0  = 1;
   43   1          PT0H = 1;
   44   1      }
   45          
   46          //========================================================================
   47          // 函数名称: void Timer3_Init(void)
   48          // 函数功能: TIMER3初始化为下降沿计数模式
   49          // 入口参数: @无
   50          // 函数返回: 无
   51          // 当前版本: VER1.0
   52          // 修改日期: 2023.5.5
   53          // 当前作者:
   54          // 其他备注: 
   55          //========================================================================
   56          void Timer3_Init(void)
C251 COMPILER V5.60.0,  system                                                             16/05/23  17:10:55  PAGE 2   

   57          {
   58   1          T3L = 0x00;
   59   1          T3H = 0x00;
   60   1          T4T3M  = 0x0c;
   61   1          IE2 = 0x20;             //Timer3 interrupt enable
   62   1      }
   63          
   64          
   65          
   66          //========================================================================
   67          // 函数名称: void Timer4_Init(void)
   68          // 函数功能: TIMER4初始化为下降沿计数模式
   69          // 入口参数: @无
   70          // 函数返回: 无
   71          // 当前版本: VER1.0
   72          // 修改日期: 2023.5.18
   73          // 当前作者:
   74          // 其他备注: 
   75          //========================================================================
   76          void Timer4_Init(void)
   77          {
   78   1          T4L = 0x00;
   79   1          T4H = 0x00;
   80   1          T4T3M  = 0xc0;
   81   1          IE2 = 0x40;             //Timer4 interrupt enable
   82   1      }
   83          
   84          
   85          //========================================================================
   86          // 函数名称: void Timer1_Init(void)     
   87          // 函数功能: 在时钟源为11.0592MHz下TIMER1初始化为10ms定时
   88          // 入口参数: @无
   89          // 函数返回: 无
   90          // 当前版本: VER1.0
   91          // 修改日期: 2023.5.5
   92          // 当前作者:
   93          // 其他备注: 
   94          //========================================================================
   95          void Timer1_Init(void)          //10毫秒@11.0592MHz
   96          {
   97   1              AUXR &= 0xBF;                   //定时器时钟12T模式
   98   1              TMOD &= 0x0F;                   //设置定时器模式
   99   1              TL1 = 0x00;                             //设置定时初始值
  100   1              TH1 = 0xDC;                             //设置定时初始值
  101   1              TF1 = 0;                                //清除TF1标志
  102   1              TR1 = 1;                                //定时器1开始计时
  103   1              ET1 = 1;                                //使能定时器1中断
  104   1      }
  105           
  106          //========================================================================
  107          // 函数名称: u32 GetCounter(void)
  108          // 函数功能: 获取TIMER3的脉冲计数
  109          // 入口参数: @无
  110          // 函数返回: 脉冲计数的值
  111          // 当前版本: VER1.0
  112          // 修改日期: 2023.5.5
  113          // 当前作者:
  114          // 其他备注: 
  115          //========================================================================
  116          u32 GetCounter(void)
  117          {
  118   1              u32 Return;
  119   1              Return = Pluse3Cnt;
  120   1              Pluse3Cnt = 0;
  121   1              return Return;
  122   1      }
C251 COMPILER V5.60.0,  system                                                             16/05/23  17:10:55  PAGE 3   

  123          u32 GetHightCounter(void)
  124          {
  125   1              u32 Return;
  126   1              Return = Pluse4Cnt;
  127   1              Pluse4Cnt = 0;
  128   1              return Return;
  129   1      }
  130          
  131          void Timer0_Isr (void) interrupt 1   //Timer0中断
  132          {
  133   1          Timer0Cnt ++;
  134   1          SysRunState.NoUartTime++;
  135   1          Pluse3PortCnt++;
  136   1          Pluse4PortCnt++;
  137   1      }
  138          
  139          void Timer3_Isr() interrupt 19      //Timer3中断
  140          {
  141   1          LowOverFlowFlag3++;
  142   1         
  143   1      }
  144          
  145          void Timer4_Isr() interrupt 20      //Timer4中断
  146          {
  147   1          LowOverFlowFlag4++;
  148   1         
  149   1      }
  150          
  151          
  152          


Module Information          Static   Overlayable
------------------------------------------------
  code size            =       281     ------
  ecode size           =    ------     ------
  data size            =    ------     ------
  idata size           =    ------     ------
  pdata size           =    ------     ------
  xdata size           =    ------     ------
  xdata-const size     =    ------     ------
  edata size           =        22     ------
  bit size             =    ------     ------
  ebit size            =    ------     ------
  bitaddressable size  =    ------     ------
  ebitaddressable size =    ------     ------
  far data size        =    ------     ------
  huge data size       =    ------     ------
  const size           =    ------     ------
  hconst size          =        42     ------
End of Module Information.


C251 COMPILATION COMPLETE.  0 WARNING(S),  0 ERROR(S)
